2015-07-29 03:44:33.064+0000 INFO  [o.n.k.i.DiagnosticsManager]: --- INITIALIZED diagnostics START ---
2015-07-29 03:44:33.071+0000 INFO  [o.n.k.i.DiagnosticsManager]: Neo4j Kernel properties:
2015-07-29 03:44:33.087+0000 INFO  [o.n.k.i.DiagnosticsManager]: neostore.propertystore.db.strings.mapped_memory=1127M
2015-07-29 03:44:33.088+0000 INFO  [o.n.k.i.DiagnosticsManager]: ephemeral=false
2015-07-29 03:44:33.088+0000 INFO  [o.n.k.i.DiagnosticsManager]: neostore.nodestore.db.mapped_memory=368M
2015-07-29 03:44:33.088+0000 INFO  [o.n.k.i.DiagnosticsManager]: store_dir=neo4j.db
2015-07-29 03:44:33.088+0000 INFO  [o.n.k.i.DiagnosticsManager]: neostore.propertystore.db.arrays.mapped_memory=1277M
2015-07-29 03:44:33.089+0000 INFO  [o.n.k.i.DiagnosticsManager]: neostore.propertystore.db.mapped_memory=1326M
2015-07-29 03:44:33.089+0000 INFO  [o.n.k.i.DiagnosticsManager]: neostore.relationshipstore.db.mapped_memory=1624M
2015-07-29 03:44:33.094+0000 INFO  [o.n.k.i.DiagnosticsManager]: Diagnostics providers:
2015-07-29 03:44:33.095+0000 INFO  [o.n.k.i.DiagnosticsManager]: org.neo4j.kernel.configuration.Config
2015-07-29 03:44:33.095+0000 INFO  [o.n.k.i.DiagnosticsManager]: org.neo4j.kernel.info.DiagnosticsManager
2015-07-29 03:44:33.095+0000 INFO  [o.n.k.i.DiagnosticsManager]: SYSTEM_MEMORY
2015-07-29 03:44:33.095+0000 INFO  [o.n.k.i.DiagnosticsManager]: JAVA_MEMORY
2015-07-29 03:44:33.095+0000 INFO  [o.n.k.i.DiagnosticsManager]: OPERATING_SYSTEM
2015-07-29 03:44:33.096+0000 INFO  [o.n.k.i.DiagnosticsManager]: JAVA_VIRTUAL_MACHINE
2015-07-29 03:44:33.096+0000 INFO  [o.n.k.i.DiagnosticsManager]: CLASSPATH
2015-07-29 03:44:33.096+0000 INFO  [o.n.k.i.DiagnosticsManager]: LIBRARY_PATH
2015-07-29 03:44:33.096+0000 INFO  [o.n.k.i.DiagnosticsManager]: SYSTEM_PROPERTIES
2015-07-29 03:44:33.096+0000 INFO  [o.n.k.i.DiagnosticsManager]: NETWORK
2015-07-29 03:44:33.096+0000 INFO  [o.n.k.i.DiagnosticsManager]: NodeCache
2015-07-29 03:44:33.097+0000 INFO  [o.n.k.i.DiagnosticsManager]: RelationshipCache
2015-07-29 03:44:33.098+0000 INFO  [o.n.k.i.DiagnosticsManager]: System memory information:
2015-07-29 03:44:33.102+0000 INFO  [o.n.k.i.DiagnosticsManager]: Total Physical memory: 16.00 GB
2015-07-29 03:44:33.103+0000 INFO  [o.n.k.i.DiagnosticsManager]: Free Physical memory: 4.24 GB
2015-07-29 03:44:33.104+0000 INFO  [o.n.k.i.DiagnosticsManager]: Committed virtual memory: 7.96 GB
2015-07-29 03:44:33.105+0000 INFO  [o.n.k.i.DiagnosticsManager]: Total swap space: 1.00 GB
2015-07-29 03:44:33.105+0000 INFO  [o.n.k.i.DiagnosticsManager]: Free swap space: 635.75 MB
2015-07-29 03:44:33.109+0000 INFO  [o.n.k.i.DiagnosticsManager]: JVM memory information:
2015-07-29 03:44:33.109+0000 INFO  [o.n.k.i.DiagnosticsManager]: Free  memory: 236.04 MB
2015-07-29 03:44:33.110+0000 INFO  [o.n.k.i.DiagnosticsManager]: Total memory: 310.00 MB
2015-07-29 03:44:33.110+0000 INFO  [o.n.k.i.DiagnosticsManager]: Max   memory: 3.56 GB
2015-07-29 03:44:33.111+0000 INFO  [o.n.k.i.DiagnosticsManager]: Garbage Collector: PS Scavenge: [PS Eden Space, PS Survivor Space]
2015-07-29 03:44:33.111+0000 INFO  [o.n.k.i.DiagnosticsManager]: Garbage Collector: PS MarkSweep: [PS Eden Space, PS Survivor Space, PS Old Gen]
2015-07-29 03:44:33.113+0000 INFO  [o.n.k.i.DiagnosticsManager]: Memory Pool: Code Cache (Non-heap memory): committed=12.19 MB, used=12.11 MB, max=240.00 MB, threshold=0.00 B
2015-07-29 03:44:33.115+0000 INFO  [o.n.k.i.DiagnosticsManager]: Memory Pool: Metaspace (Non-heap memory): committed=29.80 MB, used=29.22 MB, max=-1.00 B, threshold=0.00 B
2015-07-29 03:44:33.117+0000 INFO  [o.n.k.i.DiagnosticsManager]: Memory Pool: Compressed Class Space (Non-heap memory): committed=3.80 MB, used=3.65 MB, max=1.00 GB, threshold=0.00 B
2015-07-29 03:44:33.118+0000 INFO  [o.n.k.i.DiagnosticsManager]: Memory Pool: PS Eden Space (Heap memory): committed=207.50 MB, used=53.36 MB, max=1.31 GB, threshold=?
2015-07-29 03:44:33.120+0000 INFO  [o.n.k.i.DiagnosticsManager]: Memory Pool: PS Survivor Space (Heap memory): committed=10.50 MB, used=10.47 MB, max=10.50 MB, threshold=?
2015-07-29 03:44:33.121+0000 INFO  [o.n.k.i.DiagnosticsManager]: Memory Pool: PS Old Gen (Heap memory): committed=92.00 MB, used=10.12 MB, max=2.67 GB, threshold=0.00 B
2015-07-29 03:44:33.122+0000 INFO  [o.n.k.i.DiagnosticsManager]: Operating system information:
2015-07-29 03:44:33.123+0000 INFO  [o.n.k.i.DiagnosticsManager]: Operating System: Mac OS X; version: 10.10.4; arch: x86_64; cpus: 8
2015-07-29 03:44:33.123+0000 INFO  [o.n.k.i.DiagnosticsManager]: Max number of file descriptors: 10240
2015-07-29 03:44:33.124+0000 INFO  [o.n.k.i.DiagnosticsManager]: Number of open file descriptors: 144
2015-07-29 03:44:33.124+0000 INFO  [o.n.k.i.DiagnosticsManager]: Process id: 20592@Shu-Huangs-MacBook-Pro.local
2015-07-29 03:44:33.124+0000 INFO  [o.n.k.i.DiagnosticsManager]: Byte order: LITTLE_ENDIAN
2015-07-29 03:44:33.125+0000 INFO  [o.n.k.i.DiagnosticsManager]: Local timezone: America/New_York
2015-07-29 03:44:33.125+0000 INFO  [o.n.k.i.DiagnosticsManager]: JVM information:
2015-07-29 03:44:33.125+0000 INFO  [o.n.k.i.DiagnosticsManager]: VM Name: Java HotSpot(TM) 64-Bit Server VM
2015-07-29 03:44:33.125+0000 INFO  [o.n.k.i.DiagnosticsManager]: VM Vendor: Oracle Corporation
2015-07-29 03:44:33.125+0000 INFO  [o.n.k.i.DiagnosticsManager]: VM Version: 25.25-b02
2015-07-29 03:44:33.126+0000 INFO  [o.n.k.i.DiagnosticsManager]: JIT compiler: HotSpot 64-Bit Tiered Compilers
2015-07-29 03:44:33.126+0000 INFO  [o.n.k.i.DiagnosticsManager]: VM Arguments: [-agentlib:jdwp=transport=dt_socket,suspend=y,address=localhost:52194, -Dspring.liveBeansView.mbeanDomain, -Dcom.sun.management.jmxremote, -Dcom.sun.management.jmxremote.port=35528, -Dcom.sun.management.jmxremote.authenticate=false, -Dcom.sun.management.jmxremote.ssl=false, -Dfile.encoding=UTF-8]
2015-07-29 03:44:33.127+0000 INFO  [o.n.k.i.DiagnosticsManager]: Java classpath:
2015-07-29 03:44:33.162+0000 INFO  [o.n.k.i.DiagnosticsManager]:  [classpath + loader.0] file:/Users/shuang/.m2/repository/javax/validation/validation-api/1.1.0.Final/validation-api-1.1.0.Final.jar
2015-07-29 03:44:33.163+0000 INFO  [o.n.k.i.DiagnosticsManager]:  [bootstrap] /Library/Java/JavaVirtualMachines/jdk1.8.0_25.jdk/Contents/Home/jre/lib/rt.jar
2015-07-29 03:44:33.163+0000 INFO  [o.n.k.i.DiagnosticsManager]:  [classpath + loader.0] file:/Users/shuang/.m2/repository/com/fasterxml/jackson/core/jackson-databind/2.4.6/jackson-databind-2.4.6.jar
2015-07-29 03:44:33.163+0000 INFO  [o.n.k.i.DiagnosticsManager]:  [classpath + loader.0] file:/Users/shuang/.m2/repository/commons-pool/commons-pool/1.6/commons-pool-1.6.jar
2015-07-29 03:44:33.163+0000 INFO  [o.n.k.i.DiagnosticsManager]:  [bootstrap] /Library/Java/JavaVirtualMachines/jdk1.8.0_25.jdk/Contents/Home/jre/lib/jfr.jar
2015-07-29 03:44:33.163+0000 INFO  [o.n.k.i.DiagnosticsManager]:  [classpath + loader.0] file:/Users/shuang/.m2/repository/org/apache/jena/jena-arq/2.11.2/jena-arq-2.11.2.jar
2015-07-29 03:44:33.164+0000 INFO  [o.n.k.i.DiagnosticsManager]:  [classpath + loader.0] file:/Users/shuang/.m2/repository/commons-httpclient/commons-httpclient/3.1/commons-httpclient-3.1.jar
2015-07-29 03:44:33.164+0000 INFO  [o.n.k.i.DiagnosticsManager]:  [classpath + loader.0] file:/Users/shuang/.m2/repository/org/apache/geronimo/specs/geronimo-jta_1.1_spec/1.1.1/geronimo-jta_1.1_spec-1.1.1.jar
2015-07-29 03:44:33.164+0000 INFO  [o.n.k.i.DiagnosticsManager]:  [classpath + loader.0] file:/Users/shuang/.m2/repository/org/hibernate/hibernate-validator/5.1.3.Final/hibernate-validator-5.1.3.Final.jar
2015-07-29 03:44:33.164+0000 INFO  [o.n.k.i.DiagnosticsManager]:  [classpath + loader.0] file:/Users/shuang/.m2/repository/com/tinkerpop/blueprints/blueprints-neo4j2-graph/2.6.0/blueprints-neo4j2-graph-2.6.0.jar
2015-07-29 03:44:33.164+0000 INFO  [o.n.k.i.DiagnosticsManager]:  [classpath + loader.0] file:/Users/shuang/.m2/repository/org/neo4j/neo4j-cypher-compiler-1.9/2.0.1/neo4j-cypher-compiler-1.9-2.0.1.jar
2015-07-29 03:44:33.165+0000 INFO  [o.n.k.i.DiagnosticsManager]:  [classpath + loader.0] file:/Users/shuang/.m2/repository/org/apache/httpcomponents/httpclient/4.3.6/httpclient-4.3.6.jar
2015-07-29 03:44:33.165+0000 INFO  [o.n.k.i.DiagnosticsManager]:  [loader.1] file:/Library/Java/JavaVirtualMachines/jdk1.8.0_25.jdk/Contents/Home/jre/lib/ext/sunec.jar
2015-07-29 03:44:33.165+0000 INFO  [o.n.k.i.DiagnosticsManager]:  [bootstrap] /Library/Java/JavaVirtualMachines/jdk1.8.0_25.jdk/Contents/Home/jre/classes
2015-07-29 03:44:33.165+0000 INFO  [o.n.k.i.DiagnosticsManager]:  [classpath + loader.0] file:/Users/shuang/.m2/repository/net/sf/jung/jung-graph-impl/2.0.1/jung-graph-impl-2.0.1.jar
2015-07-29 03:44:33.165+0000 INFO  [o.n.k.i.DiagnosticsManager]:  [classpath + loader.0] file:/Users/shuang/.m2/repository/org/apache/lucene/lucene-core/3.6.2/lucene-core-3.6.2.jar
2015-07-29 03:44:33.166+0000 INFO  [o.n.k.i.DiagnosticsManager]:  [classpath + loader.0] file:/Users/shuang/.m2/repository/commons-lang/commons-lang/2.5/commons-lang-2.5.jar
2015-07-29 03:44:33.166+0000 INFO  [o.n.k.i.DiagnosticsManager]:  [loader.1] file:/Library/Java/JavaVirtualMachines/jdk1.8.0_25.jdk/Contents/Home/jre/lib/ext/sunjce_provider.jar
2015-07-29 03:44:33.166+0000 INFO  [o.n.k.i.DiagnosticsManager]:  [classpath + loader.0] file:/Users/shuang/.m2/repository/net/sf/jung/jung-api/2.0.1/jung-api-2.0.1.jar
2015-07-29 03:44:33.166+0000 INFO  [o.n.k.i.DiagnosticsManager]:  [classpath + loader.0] file:/Users/shuang/.m2/repository/org/slf4j/log4j-over-slf4j/1.7.12/log4j-over-slf4j-1.7.12.jar
2015-07-29 03:44:33.166+0000 INFO  [o.n.k.i.DiagnosticsManager]:  [classpath + loader.0] file:/Users/shuang/.m2/repository/orca/ndl/5.0-SNAPSHOT/ndl-5.0-SNAPSHOT.jar
2015-07-29 03:44:33.167+0000 INFO  [o.n.k.i.DiagnosticsManager]:  [classpath + loader.0] file:/Users/shuang/.m2/repository/org/apache/jena/jena-tdb/1.0.2/jena-tdb-1.0.2.jar
2015-07-29 03:44:33.167+0000 INFO  [o.n.k.i.DiagnosticsManager]:  [classpath + loader.0] file:/Users/shuang/.m2/repository/org/neo4j/neo4j-com/2.0.1/neo4j-com-2.0.1.jar
2015-07-29 03:44:33.167+0000 INFO  [o.n.k.i.DiagnosticsManager]:  [classpath + loader.0] file:/Users/shuang/Documents/workspace/ndl-propertygraph-rest/flukes.jar
2015-07-29 03:44:33.167+0000 INFO  [o.n.k.i.DiagnosticsManager]:  [classpath + loader.0] file:/Users/shuang/.m2/repository/org/slf4j/jcl-over-slf4j/1.7.12/jcl-over-slf4j-1.7.12.jar
2015-07-29 03:44:33.167+0000 INFO  [o.n.k.i.DiagnosticsManager]:  [loader.1] file:/Library/gurobi563/mac64/lib/gurobi.jar
2015-07-29 03:44:33.168+0000 INFO  [o.n.k.i.DiagnosticsManager]:  [loader.1] file:/Library/Java/JavaVirtualMachines/jdk1.8.0_25.jdk/Contents/Home/jre/lib/ext/localedata.jar
2015-07-29 03:44:33.168+0000 INFO  [o.n.k.i.DiagnosticsManager]:  [classpath + loader.0] file:/Users/shuang/.m2/repository/com/tinkerpop/blueprints/blueprints-core/2.6.0/blueprints-core-2.6.0.jar
2015-07-29 03:44:33.168+0000 INFO  [o.n.k.i.DiagnosticsManager]:  [classpath + loader.0] file:/Users/shuang/.m2/repository/ch/qos/logback/logback-core/1.1.3/logback-core-1.1.3.jar
2015-07-29 03:44:33.168+0000 INFO  [o.n.k.i.DiagnosticsManager]:  [classpath + loader.0] file:/Users/shuang/.m2/repository/concurrent/concurrent/1.3.4/concurrent-1.3.4.jar
2015-07-29 03:44:33.168+0000 INFO  [o.n.k.i.DiagnosticsManager]:  [classpath + loader.0] file:/Users/shuang/.m2/repository/org/neo4j/neo4j-graph-matching/2.0.1/neo4j-graph-matching-2.0.1.jar
2015-07-29 03:44:33.168+0000 INFO  [o.n.k.i.DiagnosticsManager]:  [classpath + loader.0] file:/Users/shuang/.m2/repository/net/sourceforge/collections/collections-generic/4.01/collections-generic-4.01.jar
2015-07-29 03:44:33.169+0000 INFO  [o.n.k.i.DiagnosticsManager]:  [bootstrap] /Library/Java/JavaVirtualMachines/jdk1.8.0_25.jdk/Contents/Home/jre/lib/jsse.jar
2015-07-29 03:44:33.169+0000 INFO  [o.n.k.i.DiagnosticsManager]:  [classpath + loader.0] file:/Users/shuang/.m2/repository/collections-generic/collections-generic/4.01/collections-generic-4.01.jar
2015-07-29 03:44:33.169+0000 INFO  [o.n.k.i.DiagnosticsManager]:  [classpath + loader.0] file:/Users/shuang/.m2/repository/net/sf/jung/jung-visualization/2.0.1/jung-visualization-2.0.1.jar
2015-07-29 03:44:33.169+0000 INFO  [o.n.k.i.DiagnosticsManager]:  [loader.1] file:/Library/Java/JavaVirtualMachines/jdk1.8.0_25.jdk/Contents/Home/jre/lib/ext/sunpkcs11.jar
2015-07-29 03:44:33.169+0000 INFO  [o.n.k.i.DiagnosticsManager]:  [loader.1] file:/Library/Java/JavaVirtualMachines/jdk1.8.0_25.jdk/Contents/Home/jre/lib/ext/cldrdata.jar
2015-07-29 03:44:33.170+0000 INFO  [o.n.k.i.DiagnosticsManager]:  [classpath + loader.0] file:/Users/shuang/.m2/repository/commons-beanutils/commons-beanutils/1.9.2/commons-beanutils-1.9.2.jar
2015-07-29 03:44:33.170+0000 INFO  [o.n.k.i.DiagnosticsManager]:  [classpath + loader.0] file:/Users/shuang/.m2/repository/org/springframework/spring-expression/4.1.7.RELEASE/spring-expression-4.1.7.RELEASE.jar
2015-07-29 03:44:33.170+0000 INFO  [o.n.k.i.DiagnosticsManager]:  [classpath + loader.0] file:/Users/shuang/.m2/repository/aopalliance/aopalliance/1.0/aopalliance-1.0.jar
2015-07-29 03:44:33.170+0000 INFO  [o.n.k.i.DiagnosticsManager]:  [classpath + loader.0] file:/Users/shuang/.m2/repository/org/neo4j/neo4j-udc/2.0.1/neo4j-udc-2.0.1.jar
2015-07-29 03:44:33.170+0000 INFO  [o.n.k.i.DiagnosticsManager]:  [classpath + loader.0] file:/Users/shuang/.m2/repository/org/ektorp/ektorp/1.4.2/ektorp-1.4.2.jar
2015-07-29 03:44:33.171+0000 INFO  [o.n.k.i.DiagnosticsManager]:  [classpath + loader.0] file:/Users/shuang/.m2/repository/com/carrotsearch/hppc/0.6.0/hppc-0.6.0.jar
2015-07-29 03:44:33.171+0000 INFO  [o.n.k.i.DiagnosticsManager]:  [classpath + loader.0] file:/Users/shuang/.m2/repository/org/parboiled/parboiled-core/1.1.6/parboiled-core-1.1.6.jar
2015-07-29 03:44:33.171+0000 INFO  [o.n.k.i.DiagnosticsManager]:  [classpath + loader.0] file:/Users/shuang/.m2/repository/org/springframework/boot/spring-boot-starter-tomcat/1.2.5.RELEASE/spring-boot-starter-tomcat-1.2.5.RELEASE.jar
2015-07-29 03:44:33.171+0000 INFO  [o.n.k.i.DiagnosticsManager]:  [classpath + loader.0] file:/Users/shuang/.m2/repository/org/neo4j/neo4j-management/2.0.1/neo4j-management-2.0.1.jar
2015-07-29 03:44:33.171+0000 INFO  [o.n.k.i.DiagnosticsManager]:  [classpath + loader.0] file:/Users/shuang/.m2/repository/org/neo4j/neo4j-cypher-compiler-2.0/2.0.1/neo4j-cypher-compiler-2.0-2.0.1.jar
2015-07-29 03:44:33.172+0000 INFO  [o.n.k.i.DiagnosticsManager]:  [classpath + loader.0] file:/Users/shuang/.m2/repository/org/scala-lang/scala-library/2.10.3/scala-library-2.10.3.jar
2015-07-29 03:44:33.172+0000 INFO  [o.n.k.i.DiagnosticsManager]:  [classpath + loader.0] file:/Users/shuang/.m2/repository/org/apache/tomcat/embed/tomcat-embed-el/8.0.23/tomcat-embed-el-8.0.23.jar
2015-07-29 03:44:33.172+0000 INFO  [o.n.k.i.DiagnosticsManager]:  [classpath + loader.0] file:/Users/shuang/.m2/repository/com/fasterxml/classmate/1.0.0/classmate-1.0.0.jar
2015-07-29 03:44:33.172+0000 INFO  [o.n.k.i.DiagnosticsManager]:  [classpath + loader.0] file:/Users/shuang/.m2/repository/edu/washington/sig/gleen/0.6.2/gleen-0.6.2.jar
2015-07-29 03:44:33.172+0000 INFO  [o.n.k.i.DiagnosticsManager]:  [classpath + loader.0] file:/Users/shuang/.m2/repository/commons-dbcp/commons-dbcp/1.4/commons-dbcp-1.4.jar
2015-07-29 03:44:33.172+0000 INFO  [o.n.k.i.DiagnosticsManager]:  [classpath + loader.0] file:/Users/shuang/.m2/repository/org/springframework/boot/spring-boot-autoconfigure/1.2.5.RELEASE/spring-boot-autoconfigure-1.2.5.RELEASE.jar
2015-07-29 03:44:33.173+0000 INFO  [o.n.k.i.DiagnosticsManager]:  [classpath + loader.0] file:/Users/shuang/.m2/repository/org/springframework/spring-beans/4.1.7.RELEASE/spring-beans-4.1.7.RELEASE.jar
2015-07-29 03:44:33.173+0000 INFO  [o.n.k.i.DiagnosticsManager]:  [loader.1] file:/Users/shuang/Library/Java/Extensions/liblpsolve55j.jnilib
2015-07-29 03:44:33.173+0000 INFO  [o.n.k.i.DiagnosticsManager]:  [classpath + loader.0] file:/Users/shuang/.m2/repository/commons-configuration/commons-configuration/1.6/commons-configuration-1.6.jar
2015-07-29 03:44:33.173+0000 INFO  [o.n.k.i.DiagnosticsManager]:  [classpath + loader.0] file:/Users/shuang/.m2/repository/com/googlecode/concurrentlinkedhashmap/concurrentlinkedhashmap-lru/1.3.1/concurrentlinkedhashmap-lru-1.3.1.jar
2015-07-29 03:44:33.173+0000 INFO  [o.n.k.i.DiagnosticsManager]:  [classpath + loader.0] file:/Users/shuang/.m2/repository/org/apache/tomcat/embed/tomcat-embed-core/8.0.23/tomcat-embed-core-8.0.23.jar
2015-07-29 03:44:33.174+0000 INFO  [o.n.k.i.DiagnosticsManager]:  [classpath + loader.0] file:/Users/shuang/.m2/repository/org/springframework/spring-webmvc/4.1.7.RELEASE/spring-webmvc-4.1.7.RELEASE.jar
2015-07-29 03:44:33.174+0000 INFO  [o.n.k.i.DiagnosticsManager]:  [classpath + loader.0] file:/Users/shuang/.m2/repository/javax/el/javax.el-api/2.2.4/javax.el-api-2.2.4.jar
2015-07-29 03:44:33.174+0000 INFO  [o.n.k.i.DiagnosticsManager]:  [classpath + loader.0] file:/Users/shuang/.m2/repository/org/neo4j/neo4j-kernel/2.0.1/neo4j-kernel-2.0.1.jar
2015-07-29 03:44:33.174+0000 INFO  [o.n.k.i.DiagnosticsManager]:  [classpath + loader.0] file:/Users/shuang/.m2/repository/com/fasterxml/jackson/core/jackson-annotations/2.4.6/jackson-annotations-2.4.6.jar
2015-07-29 03:44:33.174+0000 INFO  [o.n.k.i.DiagnosticsManager]:  [classpath + loader.0] file:/Users/shuang/.m2/repository/org/springframework/boot/spring-boot-starter-web/1.2.5.RELEASE/spring-boot-starter-web-1.2.5.RELEASE.jar
2015-07-29 03:44:33.174+0000 INFO  [o.n.k.i.DiagnosticsManager]:  [classpath + loader.0] file:/Users/shuang/.m2/repository/org/yaml/snakeyaml/1.14/snakeyaml-1.14.jar
2015-07-29 03:44:33.175+0000 INFO  [o.n.k.i.DiagnosticsManager]:  [classpath + loader.0] file:/Users/shuang/.m2/repository/org/apache/httpcomponents/httpclient-cache/4.2.3/httpclient-cache-4.2.3.jar
2015-07-29 03:44:33.175+0000 INFO  [o.n.k.i.DiagnosticsManager]:  [classpath + loader.0] file:/Users/shuang/.m2/repository/org/neo4j/neo4j-jmx/2.0.1/neo4j-jmx-2.0.1.jar
2015-07-29 03:44:33.175+0000 INFO  [o.n.k.i.DiagnosticsManager]:  [classpath + loader.0] file:/Users/shuang/.m2/repository/org/slf4j/slf4j-api/1.7.12/slf4j-api-1.7.12.jar
2015-07-29 03:44:33.175+0000 INFO  [o.n.k.i.DiagnosticsManager]:  [classpath + loader.0] file:/Users/shuang/git/radii/neo4j-rest-graphdb-1.9.jar
2015-07-29 03:44:33.175+0000 INFO  [o.n.k.i.DiagnosticsManager]:  [classpath + loader.0] file:/Users/shuang/.m2/repository/orca/core/util/5.0-SNAPSHOT/util-5.0-SNAPSHOT.jar
2015-07-29 03:44:33.175+0000 INFO  [o.n.k.i.DiagnosticsManager]:  [bootstrap] /Library/Java/JavaVirtualMachines/jdk1.8.0_25.jdk/Contents/Home/jre/lib/sunrsasign.jar
2015-07-29 03:44:33.176+0000 INFO  [o.n.k.i.DiagnosticsManager]:  [classpath + loader.0] file:/Users/shuang/.m2/repository/com/google/code/gson/gson/2.3.1/gson-2.3.1.jar
2015-07-29 03:44:33.176+0000 INFO  [o.n.k.i.DiagnosticsManager]:  [bootstrap] /Library/Java/JavaVirtualMachines/jdk1.8.0_25.jdk/Contents/Home/jre/lib/jce.jar
2015-07-29 03:44:33.176+0000 INFO  [o.n.k.i.DiagnosticsManager]:  [classpath + loader.0] file:/Users/shuang/.m2/repository/org/neo4j/neo4j-backup/2.0.1/neo4j-backup-2.0.1.jar
2015-07-29 03:44:33.176+0000 INFO  [o.n.k.i.DiagnosticsManager]:  [classpath + loader.0] file:/Users/shuang/.m2/repository/org/codehaus/jettison/jettison/1.3.3/jettison-1.3.3.jar
2015-07-29 03:44:33.176+0000 INFO  [o.n.k.i.DiagnosticsManager]:  [loader.1] file:/Library/gurobi563/mac64/lib/libGurobiJni56.jnilib
2015-07-29 03:44:33.176+0000 INFO  [o.n.k.i.DiagnosticsManager]:  [classpath + loader.0] file:/Users/shuang/.m2/repository/net/sf/jung/jung-algorithms/2.0.1/jung-algorithms-2.0.1.jar
2015-07-29 03:44:33.177+0000 INFO  [o.n.k.i.DiagnosticsManager]:  [classpath + loader.0] file:/Users/shuang/.m2/repository/org/springframework/boot/spring-boot-starter/1.2.5.RELEASE/spring-boot-starter-1.2.5.RELEASE.jar
2015-07-29 03:44:33.177+0000 INFO  [o.n.k.i.DiagnosticsManager]:  [classpath + loader.0] file:/Users/shuang/.m2/repository/xerces/xercesImpl/2.11.0/xercesImpl-2.11.0.jar
2015-07-29 03:44:33.177+0000 INFO  [o.n.k.i.DiagnosticsManager]:  [classpath + loader.0] file:/Users/shuang/.m2/repository/stax/stax-api/1.0.1/stax-api-1.0.1.jar
2015-07-29 03:44:33.177+0000 INFO  [o.n.k.i.DiagnosticsManager]:  [classpath + loader.0] file:/Users/shuang/.m2/repository/xml-apis/xml-apis/1.4.01/xml-apis-1.4.01.jar
2015-07-29 03:44:33.177+0000 INFO  [o.n.k.i.DiagnosticsManager]:  [classpath + loader.0] file:/Users/shuang/.m2/repository/colt/colt/1.2.0/colt-1.2.0.jar
2015-07-29 03:44:33.178+0000 INFO  [o.n.k.i.DiagnosticsManager]:  [classpath + loader.0] file:/Users/shuang/.m2/repository/org/springframework/boot/spring-boot/1.2.5.RELEASE/spring-boot-1.2.5.RELEASE.jar
2015-07-29 03:44:33.178+0000 INFO  [o.n.k.i.DiagnosticsManager]:  [classpath + loader.0] file:/Users/shuang/.m2/repository/org/springframework/spring-web/4.1.7.RELEASE/spring-web-4.1.7.RELEASE.jar
2015-07-29 03:44:33.178+0000 INFO  [o.n.k.i.DiagnosticsManager]:  [classpath + loader.0] file:/Users/shuang/Documents/workspace/ndl-propertygraph-rest/target/classes/
2015-07-29 03:44:33.178+0000 INFO  [o.n.k.i.DiagnosticsManager]:  [classpath + loader.0] file:/Users/shuang/.m2/repository/org/neo4j/neo4j-cypher-commons/2.0.1/neo4j-cypher-commons-2.0.1.jar
2015-07-29 03:44:33.178+0000 INFO  [o.n.k.i.DiagnosticsManager]:  [loader.1] file:/Library/Java/JavaVirtualMachines/jdk1.8.0_25.jdk/Contents/Home/jre/lib/ext/jfxrt.jar
2015-07-29 03:44:33.178+0000 INFO  [o.n.k.i.DiagnosticsManager]:  [classpath + loader.0] file:/Users/shuang/.m2/repository/org/parboiled/parboiled-scala_2.10/1.1.6/parboiled-scala_2.10-1.1.6.jar
2015-07-29 03:44:33.179+0000 INFO  [o.n.k.i.DiagnosticsManager]:  [classpath + loader.0] file:/Users/shuang/.m2/repository/bouncycastle/bcprov-jdk16/bcprov-jdk16/145/bcprov-jdk16-145.jar
2015-07-29 03:44:33.179+0000 INFO  [o.n.k.i.DiagnosticsManager]:  [classpath + loader.0] file:/Users/shuang/.m2/repository/org/springframework/boot/spring-boot-starter-logging/1.2.5.RELEASE/spring-boot-starter-logging-1.2.5.RELEASE.jar
2015-07-29 03:44:33.179+0000 INFO  [o.n.k.i.DiagnosticsManager]:  [classpath + loader.0] file:/Users/shuang/.m2/repository/com/sun/jersey/jersey-bundle/1.19/jersey-bundle-1.19.jar
2015-07-29 03:44:33.179+0000 INFO  [o.n.k.i.DiagnosticsManager]:  [classpath + loader.0] file:/Users/shuang/.m2/repository/org/neo4j/neo4j-consistency-check/2.0.1/neo4j-consistency-check-2.0.1.jar
2015-07-29 03:44:33.179+0000 INFO  [o.n.k.i.DiagnosticsManager]:  [bootstrap] /Library/Java/JavaVirtualMachines/jdk1.8.0_25.jdk/Contents/Home/jre/lib/resources.jar
2015-07-29 03:44:33.180+0000 INFO  [o.n.k.i.DiagnosticsManager]:  [bootstrap] /Library/Java/JavaVirtualMachines/jdk1.8.0_25.jdk/Contents/Home/jre/lib/charsets.jar
2015-07-29 03:44:33.180+0000 INFO  [o.n.k.i.DiagnosticsManager]:  [classpath + loader.0] file:/Users/shuang/.m2/repository/io/netty/netty/3.6.3.Final/netty-3.6.3.Final.jar
2015-07-29 03:44:33.180+0000 INFO  [o.n.k.i.DiagnosticsManager]:  [classpath + loader.0] file:/Users/shuang/.m2/repository/org/apache/jena/jena-iri/1.0.2/jena-iri-1.0.2.jar
2015-07-29 03:44:33.180+0000 INFO  [o.n.k.i.DiagnosticsManager]:  [classpath + loader.0] file:/Users/shuang/.m2/repository/com/github/jsonld-java/jsonld-java/0.4/jsonld-java-0.4.jar
2015-07-29 03:44:33.180+0000 INFO  [o.n.k.i.DiagnosticsManager]:  [classpath + loader.0] file:/Users/shuang/.m2/repository/org/slf4j/jul-to-slf4j/1.7.12/jul-to-slf4j-1.7.12.jar
2015-07-29 03:44:33.180+0000 INFO  [o.n.k.i.DiagnosticsManager]:  [classpath + loader.0] file:/Users/shuang/.m2/repository/org/neo4j/neo4j-ha/2.0.1/neo4j-ha-2.0.1.jar
2015-07-29 03:44:33.181+0000 INFO  [o.n.k.i.DiagnosticsManager]:  [classpath + loader.0] file:/Users/shuang/.m2/repository/log4j/log4j/1.2.17/log4j-1.2.17.jar
2015-07-29 03:44:33.181+0000 INFO  [o.n.k.i.DiagnosticsManager]:  [classpath + loader.0] file:/Users/shuang/.m2/repository/org/neo4j/neo4j-lucene-index/2.0.1/neo4j-lucene-index-2.0.1.jar
2015-07-29 03:44:33.181+0000 INFO  [o.n.k.i.DiagnosticsManager]:  [classpath + loader.0] file:/Users/shuang/.m2/repository/org/neo4j/neo4j-cypher/2.0.1/neo4j-cypher-2.0.1.jar
2015-07-29 03:44:33.181+0000 INFO  [o.n.k.i.DiagnosticsManager]:  [classpath + loader.0] file:/Users/shuang/.m2/repository/net/jwhoisserver/jwhoisserver/0.4.1.1/jwhoisserver-0.4.1.1.jar
2015-07-29 03:44:33.181+0000 INFO  [o.n.k.i.DiagnosticsManager]:  [loader.1] file:/System/Library/Java/Extensions/MRJToolkit.jar
2015-07-29 03:44:33.181+0000 INFO  [o.n.k.i.DiagnosticsManager]:  [classpath + loader.0] file:/Users/shuang/.m2/repository/org/apache/jena/jena-core/2.11.2/jena-core-2.11.2.jar
2015-07-29 03:44:33.182+0000 INFO  [o.n.k.i.DiagnosticsManager]:  [classpath + loader.0] file:/Users/shuang/.m2/repository/mysql/mysql-connector-java/5.1.35/mysql-connector-java-5.1.35.jar
2015-07-29 03:44:33.182+0000 INFO  [o.n.k.i.DiagnosticsManager]:  [loader.1] file:/Library/Java/JavaVirtualMachines/jdk1.8.0_25.jdk/Contents/Home/jre/lib/ext/dnsns.jar
2015-07-29 03:44:33.182+0000 INFO  [o.n.k.i.DiagnosticsManager]:  [classpath + loader.0] file:/Users/shuang/.m2/repository/org/apache/tomcat/embed/tomcat-embed-websocket/8.0.23/tomcat-embed-websocket-8.0.23.jar
2015-07-29 03:44:33.182+0000 INFO  [o.n.k.i.DiagnosticsManager]:  [classpath + loader.0] file:/Users/shuang/.m2/repository/com/fasterxml/jackson/core/jackson-core/2.4.6/jackson-core-2.4.6.jar
2015-07-29 03:44:33.182+0000 INFO  [o.n.k.i.DiagnosticsManager]:  [classpath + loader.0] file:/Users/shuang/.m2/repository/org/springframework/spring-context/4.1.7.RELEASE/spring-context-4.1.7.RELEASE.jar
2015-07-29 03:44:33.182+0000 INFO  [o.n.k.i.DiagnosticsManager]:  [classpath + loader.0] file:/Users/shuang/.m2/repository/commons-io/commons-io/2.0.1/commons-io-2.0.1.jar
2015-07-29 03:44:33.183+0000 INFO  [o.n.k.i.DiagnosticsManager]:  [classpath + loader.0] file:/Users/shuang/.m2/repository/org/jboss/logging/jboss-logging/3.1.3.GA/jboss-logging-3.1.3.GA.jar
2015-07-29 03:44:33.183+0000 INFO  [o.n.k.i.DiagnosticsManager]:  [classpath + loader.0] file:/Users/shuang/.m2/repository/org/springframework/spring-aop/4.1.7.RELEASE/spring-aop-4.1.7.RELEASE.jar
2015-07-29 03:44:33.183+0000 INFO  [o.n.k.i.DiagnosticsManager]:  [classpath + loader.0] file:/Users/shuang/.m2/repository/ch/qos/logback/logback-classic/1.1.3/logback-classic-1.1.3.jar
2015-07-29 03:44:33.183+0000 INFO  [o.n.k.i.DiagnosticsManager]:  [classpath + loader.0] file:/Users/shuang/.m2/repository/org/springframework/spring-core/4.1.7.RELEASE/spring-core-4.1.7.RELEASE.jar
2015-07-29 03:44:33.184+0000 INFO  [o.n.k.i.DiagnosticsManager]:  [classpath + loader.0] file:/Users/shuang/.m2/repository/commons-digester/commons-digester/2.1/commons-digester-2.1.jar
2015-07-29 03:44:33.184+0000 INFO  [o.n.k.i.DiagnosticsManager]:  [classpath + loader.0] file:/Users/shuang/.m2/repository/commons-codec/commons-codec/1.2/commons-codec-1.2.jar
2015-07-29 03:44:33.184+0000 INFO  [o.n.k.i.DiagnosticsManager]:  [classpath + loader.0] file:/Users/shuang/.m2/repository/jabac/jabac/1.3.1/jabac-1.3.1.jar
2015-07-29 03:44:33.184+0000 INFO  [o.n.k.i.DiagnosticsManager]:  [classpath + loader.0] file:/Users/shuang/.m2/repository/com/tinkerpop/blueprints/blueprints-neo4j-graph/2.6.0/blueprints-neo4j-graph-2.6.0.jar
2015-07-29 03:44:33.184+0000 INFO  [o.n.k.i.DiagnosticsManager]:  [classpath + loader.0] file:/Users/shuang/.m2/repository/org/apache/tomcat/embed/tomcat-embed-logging-juli/8.0.23/tomcat-embed-logging-juli-8.0.23.jar
2015-07-29 03:44:33.185+0000 INFO  [o.n.k.i.DiagnosticsManager]:  [classpath + loader.0] file:/Users/shuang/.m2/repository/commons-logging/commons-logging/1.1.1/commons-logging-1.1.1.jar
2015-07-29 03:44:33.185+0000 INFO  [o.n.k.i.DiagnosticsManager]:  [loader.1] file:/Library/Java/JavaVirtualMachines/jdk1.8.0_25.jdk/Contents/Home/jre/lib/ext/zipfs.jar
2015-07-29 03:44:33.185+0000 INFO  [o.n.k.i.DiagnosticsManager]:  [classpath + loader.0] file:/Users/shuang/.m2/repository/commons-beanutils/commons-beanutils-core/1.8.0/commons-beanutils-core-1.8.0.jar
2015-07-29 03:44:33.185+0000 INFO  [o.n.k.i.DiagnosticsManager]:  [classpath + loader.0] file:/Users/shuang/.m2/repository/javax/xml/jaxb-xjc/2.0EA3/jaxb-xjc-2.0EA3.jar
2015-07-29 03:44:33.185+0000 INFO  [o.n.k.i.DiagnosticsManager]:  [classpath + loader.0] file:/Users/shuang/.m2/repository/commons-collections/commons-collections/3.2.1/commons-collections-3.2.1.jar
2015-07-29 03:44:33.186+0000 INFO  [o.n.k.i.DiagnosticsManager]:  [classpath + loader.0] file:/Users/shuang/.m2/repository/org/neo4j/neo4j-graph-algo/2.0.1/neo4j-graph-algo-2.0.1.jar
2015-07-29 03:44:33.186+0000 INFO  [o.n.k.i.DiagnosticsManager]:  [classpath + loader.0] file:/Users/shuang/.m2/repository/org/neo4j/neo4j-cluster/2.0.1/neo4j-cluster-2.0.1.jar
2015-07-29 03:44:33.186+0000 INFO  [o.n.k.i.DiagnosticsManager]:  [classpath + loader.0] file:/Users/shuang/.m2/repository/javax/ws/rs/jsr311-api/1.1.1/jsr311-api-1.1.1.jar
2015-07-29 03:44:33.186+0000 INFO  [o.n.k.i.DiagnosticsManager]:  [loader.1] file:/Library/Java/JavaVirtualMachines/jdk1.8.0_25.jdk/Contents/Home/jre/lib/ext/nashorn.jar
2015-07-29 03:44:33.186+0000 INFO  [o.n.k.i.DiagnosticsManager]:  [classpath + loader.0] file:/Users/shuang/.m2/repository/org/apache/httpcomponents/httpcore/4.3.3/httpcore-4.3.3.jar
2015-07-29 03:44:33.186+0000 INFO  [o.n.k.i.DiagnosticsManager]: Library path:
2015-07-29 03:44:33.187+0000 INFO  [o.n.k.i.DiagnosticsManager]: /Users/shuang/Library/Java/Extensions
2015-07-29 03:44:33.187+0000 INFO  [o.n.k.i.DiagnosticsManager]: /Library/Java/Extensions
2015-07-29 03:44:33.187+0000 INFO  [o.n.k.i.DiagnosticsManager]: /Network/Library/Java/Extensions
2015-07-29 03:44:33.188+0000 INFO  [o.n.k.i.DiagnosticsManager]: /System/Library/Java/Extensions
2015-07-29 03:44:33.188+0000 INFO  [o.n.k.i.DiagnosticsManager]: /usr/lib/java
2015-07-29 03:44:33.188+0000 INFO  [o.n.k.i.DiagnosticsManager]: /Users/shuang/Documents/workspace/ndl-propertygraph-rest
2015-07-29 03:44:33.188+0000 INFO  [o.n.k.i.DiagnosticsManager]: System.properties:
2015-07-29 03:44:33.189+0000 INFO  [o.n.k.i.DiagnosticsManager]: com.sun.management.jmxremote.authenticate = false
2015-07-29 03:44:33.189+0000 INFO  [o.n.k.i.DiagnosticsManager]: sun.boot.library.path = /Library/Java/JavaVirtualMachines/jdk1.8.0_25.jdk/Contents/Home/jre/lib
2015-07-29 03:44:33.189+0000 INFO  [o.n.k.i.DiagnosticsManager]: gopherProxySet = false
2015-07-29 03:44:33.189+0000 INFO  [o.n.k.i.DiagnosticsManager]: path.separator = :
2015-07-29 03:44:33.190+0000 INFO  [o.n.k.i.DiagnosticsManager]: file.encoding.pkg = sun.io
2015-07-29 03:44:33.190+0000 INFO  [o.n.k.i.DiagnosticsManager]: user.country = US
2015-07-29 03:44:33.190+0000 INFO  [o.n.k.i.DiagnosticsManager]: sun.java.launcher = SUN_STANDARD
2015-07-29 03:44:33.190+0000 INFO  [o.n.k.i.DiagnosticsManager]: sun.os.patch.level = unknown
2015-07-29 03:44:33.190+0000 INFO  [o.n.k.i.DiagnosticsManager]: PID = 20592
2015-07-29 03:44:33.191+0000 INFO  [o.n.k.i.DiagnosticsManager]: com.sun.management.jmxremote.port = 35528
2015-07-29 03:44:33.191+0000 INFO  [o.n.k.i.DiagnosticsManager]: user.dir = /Users/shuang/Documents/workspace/ndl-propertygraph-rest
2015-07-29 03:44:33.191+0000 INFO  [o.n.k.i.DiagnosticsManager]: org.jboss.logging.provider = slf4j
2015-07-29 03:44:33.191+0000 INFO  [o.n.k.i.DiagnosticsManager]: sun.jnu.encoding = UTF-8
2015-07-29 03:44:33.191+0000 INFO  [o.n.k.i.DiagnosticsManager]: sun.management.compiler = HotSpot 64-Bit Tiered Compilers
2015-07-29 03:44:33.192+0000 INFO  [o.n.k.i.DiagnosticsManager]: spring.liveBeansView.mbeanDomain = 
2015-07-29 03:44:33.192+0000 INFO  [o.n.k.i.DiagnosticsManager]: http.nonProxyHosts = local|*.local|169.254/16|*.169.254/16
2015-07-29 03:44:33.192+0000 INFO  [o.n.k.i.DiagnosticsManager]: user.home = /Users/shuang
2015-07-29 03:44:33.192+0000 INFO  [o.n.k.i.DiagnosticsManager]: catalina.useNaming = false
2015-07-29 03:44:33.192+0000 INFO  [o.n.k.i.DiagnosticsManager]: user.timezone = America/New_York
2015-07-29 03:44:33.193+0000 INFO  [o.n.k.i.DiagnosticsManager]: file.encoding = UTF-8
2015-07-29 03:44:33.193+0000 INFO  [o.n.k.i.DiagnosticsManager]: catalina.home = /private/var/folders/k8/2vtd04rn30z7krym8q6z18_00000gq/T/tomcat.5551502521277991599.8080
2015-07-29 03:44:33.193+0000 INFO  [o.n.k.i.DiagnosticsManager]: user.name = shuang
2015-07-29 03:44:33.193+0000 INFO  [o.n.k.i.DiagnosticsManager]: com.sun.management.jmxremote = 
2015-07-29 03:44:33.193+0000 INFO  [o.n.k.i.DiagnosticsManager]: sun.java.command = ndl_propertygraph.Application
2015-07-29 03:44:33.194+0000 INFO  [o.n.k.i.DiagnosticsManager]: sun.arch.data.model = 64
2015-07-29 03:44:33.194+0000 INFO  [o.n.k.i.DiagnosticsManager]: user.language = en
2015-07-29 03:44:33.194+0000 INFO  [o.n.k.i.DiagnosticsManager]: awt.toolkit = sun.lwawt.macosx.LWCToolkit
2015-07-29 03:44:33.194+0000 INFO  [o.n.k.i.DiagnosticsManager]: com.sun.management.jmxremote.ssl = false
2015-07-29 03:44:33.194+0000 INFO  [o.n.k.i.DiagnosticsManager]: catalina.base = /private/var/folders/k8/2vtd04rn30z7krym8q6z18_00000gq/T/tomcat.5551502521277991599.8080
2015-07-29 03:44:33.195+0000 INFO  [o.n.k.i.DiagnosticsManager]: file.separator = /
2015-07-29 03:44:33.195+0000 INFO  [o.n.k.i.DiagnosticsManager]: sun.io.unicode.encoding = UnicodeBig
2015-07-29 03:44:33.195+0000 INFO  [o.n.k.i.DiagnosticsManager]: sun.cpu.endian = little
2015-07-29 03:44:33.195+0000 INFO  [o.n.k.i.DiagnosticsManager]: socksNonProxyHosts = local|*.local|169.254/16|*.169.254/16
2015-07-29 03:44:33.195+0000 INFO  [o.n.k.i.DiagnosticsManager]: ftp.nonProxyHosts = local|*.local|169.254/16|*.169.254/16
2015-07-29 03:44:33.196+0000 INFO  [o.n.k.i.DiagnosticsManager]: sun.cpu.isalist = 
2015-07-29 03:44:33.196+0000 INFO  [o.n.k.i.DiagnosticsManager]: Network information:
2015-07-29 03:44:33.196+0000 INFO  [o.n.k.i.DiagnosticsManager]: Interface awdl0:
2015-07-29 03:44:33.197+0000 INFO  [o.n.k.i.DiagnosticsManager]:     address: fe80:0:0:0:440d:78ff:fe18:39ed%awdl0
2015-07-29 03:44:33.198+0000 INFO  [o.n.k.i.DiagnosticsManager]: Interface en0:
2015-07-29 03:44:33.198+0000 INFO  [o.n.k.i.DiagnosticsManager]:     address: 2606:a000:4321:4900:0:0:0:7
2015-07-29 03:44:33.198+0000 INFO  [o.n.k.i.DiagnosticsManager]:     address: 2606:a000:4321:4900:cc54:3c0f:8728:2f2e
2015-07-29 03:44:33.199+0000 INFO  [o.n.k.i.DiagnosticsManager]:     address: 2606:a000:4321:4900:3e15:c2ff:fed1:9196
2015-07-29 03:44:33.199+0000 INFO  [o.n.k.i.DiagnosticsManager]:     address: fe80:0:0:0:3e15:c2ff:fed1:9196%en0
2015-07-29 03:44:33.199+0000 INFO  [o.n.k.i.DiagnosticsManager]:     address: 192.168.0.252
2015-07-29 03:44:33.200+0000 INFO  [o.n.k.i.DiagnosticsManager]: Interface lo0:
2015-07-29 03:44:33.200+0000 INFO  [o.n.k.i.DiagnosticsManager]:     address: fe80:0:0:0:0:0:0:1%lo0
2015-07-29 03:44:33.201+0000 INFO  [o.n.k.i.DiagnosticsManager]:     address: 0:0:0:0:0:0:0:1
2015-07-29 03:44:33.201+0000 INFO  [o.n.k.i.DiagnosticsManager]:     address: 127.0.0.1
2015-07-29 03:44:33.201+0000 INFO  [o.n.k.i.DiagnosticsManager]: --- INITIALIZED diagnostics END ---
2015-07-29 03:44:33.774+0000 INFO  [o.n.k.i.n.s.StoreFactory]: Creating new db @ neo4j.db/neostore
2015-07-29 03:44:33.844+0000 INFO  [o.n.k.i.n.s.StoreFactory]: [neo4j.db/neostore.relationshiptypestore.db.names] brickCount=0 brickSize=0b mappedMem=0b (storeSize=38b)
2015-07-29 03:44:33.852+0000 INFO  [o.n.k.i.n.s.StoreFactory]: [neo4j.db/neostore.relationshiptypestore.db] brickCount=0 brickSize=0b mappedMem=0b (storeSize=0b)
2015-07-29 03:44:33.852+0000 INFO  [o.n.k.i.n.s.StoreFactory]: neo4j.db/neostore.relationshiptypestore.db.names hit=0 miss=0 switches=0 ooe=0
2015-07-29 03:44:33.855+0000 INFO  [o.n.k.i.n.s.StoreFactory]: neo4j.db/neostore.relationshiptypestore.db hit=0 miss=0 switches=0 ooe=0
2015-07-29 03:44:33.862+0000 INFO  [o.n.k.i.n.s.StoreFactory]: [neo4j.db/neostore.labeltokenstore.db.names] brickCount=0 brickSize=0b mappedMem=0b (storeSize=38b)
2015-07-29 03:44:33.865+0000 INFO  [o.n.k.i.n.s.StoreFactory]: [neo4j.db/neostore.labeltokenstore.db] brickCount=0 brickSize=0b mappedMem=0b (storeSize=0b)
2015-07-29 03:44:33.866+0000 INFO  [o.n.k.i.n.s.StoreFactory]: neo4j.db/neostore.labeltokenstore.db.names hit=0 miss=0 switches=0 ooe=0
2015-07-29 03:44:33.867+0000 INFO  [o.n.k.i.n.s.StoreFactory]: neo4j.db/neostore.labeltokenstore.db hit=0 miss=0 switches=0 ooe=0
2015-07-29 03:44:33.876+0000 INFO  [o.n.k.i.n.s.StoreFactory]: [neo4j.db/neostore.relationshiptypestore.db.names] brickCount=0 brickSize=0b mappedMem=0b (storeSize=38b)
2015-07-29 03:44:33.877+0000 INFO  [o.n.k.i.n.s.StoreFactory]: [neo4j.db/neostore.relationshiptypestore.db] brickCount=0 brickSize=0b mappedMem=0b (storeSize=0b)
2015-07-29 03:44:33.879+0000 INFO  [o.n.k.i.n.s.StoreFactory]: [neo4j.db/neostore.labeltokenstore.db.names] brickCount=0 brickSize=0b mappedMem=0b (storeSize=38b)
2015-07-29 03:44:33.881+0000 INFO  [o.n.k.i.n.s.StoreFactory]: [neo4j.db/neostore.labeltokenstore.db] brickCount=0 brickSize=0b mappedMem=0b (storeSize=0b)
2015-07-29 03:44:33.882+0000 INFO  [o.n.k.i.n.s.StoreFactory]: [neo4j.db/neostore.propertystore.db.strings] brickCount=0 brickSize=1181696b mappedMem=1181745152b (storeSize=128b)
2015-07-29 03:44:33.884+0000 INFO  [o.n.k.i.n.s.StoreFactory]: [neo4j.db/neostore.propertystore.db.index.keys] brickCount=0 brickSize=0b mappedMem=0b (storeSize=38b)
2015-07-29 03:44:33.887+0000 INFO  [o.n.k.i.n.s.StoreFactory]: [neo4j.db/neostore.propertystore.db.index] brickCount=0 brickSize=0b mappedMem=0b (storeSize=0b)
2015-07-29 03:44:33.888+0000 INFO  [o.n.k.i.n.s.StoreFactory]: [neo4j.db/neostore.propertystore.db.arrays] brickCount=0 brickSize=1339008b mappedMem=1339031552b (storeSize=128b)
2015-07-29 03:44:33.896+0000 INFO  [o.n.k.i.n.s.StoreFactory]: [neo4j.db/neostore.propertystore.db] brickCount=0 brickSize=13904084b mappedMem=1390411776b (storeSize=0b)
2015-07-29 03:44:33.904+0000 INFO  [o.n.k.i.n.s.StoreFactory]: [neo4j.db/neostore.relationshipstore.db] brickCount=0 brickSize=17028858b mappedMem=1702887424b (storeSize=0b)
2015-07-29 03:44:33.905+0000 INFO  [o.n.k.i.n.s.StoreFactory]: [neo4j.db/neostore.nodestore.db.labels] brickCount=0 brickSize=0b mappedMem=0b (storeSize=68b)
2015-07-29 03:44:33.910+0000 INFO  [o.n.k.i.n.s.StoreFactory]: [neo4j.db/neostore.nodestore.db] brickCount=0 brickSize=3858750b mappedMem=385875968b (storeSize=0b)
2015-07-29 03:44:33.911+0000 INFO  [o.n.k.i.n.s.StoreFactory]: [neo4j.db/neostore.schemastore.db] brickCount=0 brickSize=0b mappedMem=0b (storeSize=64b)
2015-07-29 03:44:33.913+0000 INFO  [o.n.k.i.n.s.StoreFactory]: [neo4j.db/neostore] brickCount=0 brickSize=0b mappedMem=0b (storeSize=0b)
2015-07-29 03:44:33.936+0000 INFO  [o.n.k.i.n.s.StoreFactory]: neo4j.db/neostore.relationshiptypestore.db.names hit=0 miss=0 switches=0 ooe=0
2015-07-29 03:44:33.938+0000 INFO  [o.n.k.i.n.s.StoreFactory]: neo4j.db/neostore.relationshiptypestore.db hit=0 miss=0 switches=0 ooe=0
2015-07-29 03:44:33.940+0000 INFO  [o.n.k.i.n.s.StoreFactory]: neo4j.db/neostore.labeltokenstore.db.names hit=0 miss=0 switches=0 ooe=0
2015-07-29 03:44:33.942+0000 INFO  [o.n.k.i.n.s.StoreFactory]: neo4j.db/neostore.labeltokenstore.db hit=0 miss=0 switches=0 ooe=0
2015-07-29 03:44:33.944+0000 INFO  [o.n.k.i.n.s.StoreFactory]: neo4j.db/neostore.propertystore.db.strings hit=0 miss=0 switches=0 ooe=0
2015-07-29 03:44:33.946+0000 INFO  [o.n.k.i.n.s.StoreFactory]: neo4j.db/neostore.propertystore.db.index.keys hit=0 miss=0 switches=0 ooe=0
2015-07-29 03:44:33.947+0000 INFO  [o.n.k.i.n.s.StoreFactory]: neo4j.db/neostore.propertystore.db.index hit=0 miss=0 switches=0 ooe=0
2015-07-29 03:44:33.949+0000 INFO  [o.n.k.i.n.s.StoreFactory]: neo4j.db/neostore.propertystore.db.arrays hit=0 miss=0 switches=0 ooe=0
2015-07-29 03:44:33.950+0000 INFO  [o.n.k.i.n.s.StoreFactory]: neo4j.db/neostore.propertystore.db hit=0 miss=0 switches=0 ooe=0
2015-07-29 03:44:33.952+0000 INFO  [o.n.k.i.n.s.StoreFactory]: neo4j.db/neostore.relationshipstore.db hit=0 miss=0 switches=0 ooe=0
2015-07-29 03:44:33.954+0000 INFO  [o.n.k.i.n.s.StoreFactory]: neo4j.db/neostore.nodestore.db.labels hit=0 miss=0 switches=0 ooe=0
2015-07-29 03:44:33.956+0000 INFO  [o.n.k.i.n.s.StoreFactory]: neo4j.db/neostore.nodestore.db hit=0 miss=0 switches=0 ooe=0
2015-07-29 03:44:33.958+0000 INFO  [o.n.k.i.n.s.StoreFactory]: neo4j.db/neostore.schemastore.db hit=0 miss=0 switches=0 ooe=0
2015-07-29 03:44:33.959+0000 INFO  [o.n.k.i.n.s.StoreFactory]: neo4j.db/neostore hit=0 miss=8 switches=0 ooe=0
2015-07-29 03:44:33.968+0000 INFO  [o.n.k.i.n.s.StoreFactory]: [neo4j.db/neostore.relationshiptypestore.db.names] brickCount=0 brickSize=0b mappedMem=0b (storeSize=38b)
2015-07-29 03:44:33.969+0000 INFO  [o.n.k.i.n.s.StoreFactory]: [neo4j.db/neostore.relationshiptypestore.db] brickCount=0 brickSize=0b mappedMem=0b (storeSize=0b)
2015-07-29 03:44:33.970+0000 INFO  [o.n.k.i.n.s.StoreFactory]: [neo4j.db/neostore.labeltokenstore.db.names] brickCount=0 brickSize=0b mappedMem=0b (storeSize=38b)
2015-07-29 03:44:33.972+0000 INFO  [o.n.k.i.n.s.StoreFactory]: [neo4j.db/neostore.labeltokenstore.db] brickCount=0 brickSize=0b mappedMem=0b (storeSize=0b)
2015-07-29 03:44:33.973+0000 INFO  [o.n.k.i.n.s.StoreFactory]: [neo4j.db/neostore.propertystore.db.strings] brickCount=0 brickSize=1181696b mappedMem=1181745152b (storeSize=128b)
2015-07-29 03:44:33.975+0000 INFO  [o.n.k.i.n.s.StoreFactory]: [neo4j.db/neostore.propertystore.db.index.keys] brickCount=0 brickSize=0b mappedMem=0b (storeSize=38b)
2015-07-29 03:44:33.976+0000 INFO  [o.n.k.i.n.s.StoreFactory]: [neo4j.db/neostore.propertystore.db.index] brickCount=0 brickSize=0b mappedMem=0b (storeSize=0b)
2015-07-29 03:44:33.977+0000 INFO  [o.n.k.i.n.s.StoreFactory]: [neo4j.db/neostore.propertystore.db.arrays] brickCount=0 brickSize=1339008b mappedMem=1339031552b (storeSize=128b)
2015-07-29 03:44:33.978+0000 INFO  [o.n.k.i.n.s.StoreFactory]: [neo4j.db/neostore.propertystore.db] brickCount=0 brickSize=13904084b mappedMem=1390411776b (storeSize=0b)
2015-07-29 03:44:33.979+0000 INFO  [o.n.k.i.n.s.StoreFactory]: [neo4j.db/neostore.relationshipstore.db] brickCount=0 brickSize=17028858b mappedMem=1702887424b (storeSize=0b)
2015-07-29 03:44:33.980+0000 INFO  [o.n.k.i.n.s.StoreFactory]: [neo4j.db/neostore.nodestore.db.labels] brickCount=0 brickSize=0b mappedMem=0b (storeSize=68b)
2015-07-29 03:44:33.981+0000 INFO  [o.n.k.i.n.s.StoreFactory]: [neo4j.db/neostore.nodestore.db] brickCount=0 brickSize=3858750b mappedMem=385875968b (storeSize=0b)
2015-07-29 03:44:33.982+0000 INFO  [o.n.k.i.n.s.StoreFactory]: [neo4j.db/neostore.schemastore.db] brickCount=0 brickSize=0b mappedMem=0b (storeSize=64b)
2015-07-29 03:44:33.984+0000 INFO  [o.n.k.i.n.s.StoreFactory]: [neo4j.db/neostore] brickCount=0 brickSize=0b mappedMem=0b (storeSize=63b)
2015-07-29 03:44:34.185+0000 INFO  [o.n.k.a.i.i.LuceneLabelScanStore]: No lucene scan store index found, this might just be first use. Preparing to rebuild.
2015-07-29 03:44:34.244+0000 INFO  [o.n.k.a.i.i.LuceneLabelScanStore]: No lucene scan store index found, this might just be first use. Preparing to rebuild.
2015-07-29 03:44:34.472+0000 INFO  [o.n.k.i.t.x.XaLogicalLog]: Opened logical log [neo4j.db/nioneo_logical.log.1] version=0, lastTxId=1 (clean)
2015-07-29 03:44:34.485+0000 INFO  [o.n.k.a.i.i.LuceneLabelScanStore]: Rebuilding lucene scan store, this may take a while
2015-07-29 03:44:34.489+0000 INFO  [o.n.k.a.i.i.LuceneLabelScanStore]: Lucene scan store rebuilt (roughly -1 nodes)
2015-07-29 03:44:34.495+0000 INFO  [o.n.k.i.t.TxManager]: TM new log: tm_tx_log.1
2015-07-29 03:44:34.808+0000 INFO  [o.n.b.BackupServer]: BackupServer communication server started and bound to 0.0.0.0/0.0.0.0:6363
2015-07-29 03:44:34.841+0000 INFO  [o.n.k.i.t.x.XaLogicalLog]: Opened logical log [neo4j.db/index/lucene.log.1] version=0, lastTxId=1 (clean)
2015-07-29 03:44:34.864+0000 INFO  [o.n.k.i.DiagnosticsManager]: --- STARTED diagnostics for KernelDiagnostics:Versions START ---
2015-07-29 03:44:34.864+0000 INFO  [o.n.k.i.DiagnosticsManager]: Graph Database: org.neo4j.kernel.EmbeddedGraphDatabase StoreId[time:1438141473776, id:1031733296479299271, store version: 13843131341501958]
2015-07-29 03:44:34.864+0000 INFO  [o.n.k.i.DiagnosticsManager]: Kernel version: Neo4j - Graph Database Kernel (neo4j-kernel), version: 2.0.1
2015-07-29 03:44:34.865+0000 INFO  [o.n.k.i.DiagnosticsManager]: Neo4j component versions:
2015-07-29 03:44:34.897+0000 INFO  [o.n.k.i.DiagnosticsManager]:   Neo4j - Cypher Compiler 1.9 (neo4j-cypher-compiler-1.9), version: 2.0.1; revision: 2.0.1:master:878/8bb63c9c059d8a491b7909e08da86a820c28d3a5
2015-07-29 03:44:34.897+0000 INFO  [o.n.k.i.DiagnosticsManager]:   Neo4j - Consistency Checker (neo4j-consistency-check), version: 2.0.1; revision: 2.0.1:master:878/8bb63c9c059d8a491b7909e08da86a820c28d3a5
2015-07-29 03:44:34.897+0000 INFO  [o.n.k.i.DiagnosticsManager]:   Neo4j - Cypher Commons (neo4j-cypher-commons), version: 2.0.1; revision: 2.0.1:master:878/8bb63c9c059d8a491b7909e08da86a820c28d3a5
2015-07-29 03:44:34.898+0000 INFO  [o.n.k.i.DiagnosticsManager]:   Neo4j - Backup Tool (neo4j-backup), version: 2.0.1; revision: 2.0.1:master:878/8bb63c9c059d8a491b7909e08da86a820c28d3a5
2015-07-29 03:44:34.898+0000 INFO  [o.n.k.i.DiagnosticsManager]:   Neo4j - High Availability (neo4j-ha), version: 2.0.1; revision: 2.0.1:master:878/8bb63c9c059d8a491b7909e08da86a820c28d3a5
2015-07-29 03:44:34.898+0000 INFO  [o.n.k.i.DiagnosticsManager]:   Neo4j - Graph Database Kernel (neo4j-kernel), version: 2.0.1; revision: 2.0.1:master:878/8bb63c9c059d8a491b7909e08da86a820c28d3a5
2015-07-29 03:44:34.898+0000 INFO  [o.n.k.i.DiagnosticsManager]:   Neo4j - Graph DB Monitoring and Management tools (neo4j-management), version: 2.0.1; revision: 2.0.1:master:878/8bb63c9c059d8a491b7909e08da86a820c28d3a5
2015-07-29 03:44:34.899+0000 INFO  [o.n.k.i.DiagnosticsManager]:   Neo4j - Clustering Infrastructure (neo4j-cluster), version: 2.0.1; revision: 2.0.1:master:878/8bb63c9c059d8a491b7909e08da86a820c28d3a5
2015-07-29 03:44:34.899+0000 INFO  [o.n.k.i.DiagnosticsManager]:   neo4j-udc, version: 2.0.1; revision: 2.0.1:master:878/8bb63c9c059d8a491b7909e08da86a820c28d3a5
2015-07-29 03:44:34.899+0000 INFO  [o.n.k.i.DiagnosticsManager]:   Neo4j - Lucene Index (neo4j-lucene-index), version: 2.0.1; revision: 2.0.1:master:878/8bb63c9c059d8a491b7909e08da86a820c28d3a5
2015-07-29 03:44:34.899+0000 INFO  [o.n.k.i.DiagnosticsManager]:   Neo4j - Cypher Compiler 2.0 (neo4j-cypher-compiler-2.0), version: 2.0.1; revision: 2.0.1:master:878/8bb63c9c059d8a491b7909e08da86a820c28d3a5
2015-07-29 03:44:34.900+0000 INFO  [o.n.k.i.DiagnosticsManager]:   Neo4j - Graph Matching (neo4j-graph-matching), version: 2.0.1; revision: 2.0.1:master:878/8bb63c9c059d8a491b7909e08da86a820c28d3a5
2015-07-29 03:44:34.900+0000 INFO  [o.n.k.i.DiagnosticsManager]:   Neo4j - JMX support (neo4j-jmx), version: 2.0.1; revision: 2.0.1:master:878/8bb63c9c059d8a491b7909e08da86a820c28d3a5
2015-07-29 03:44:34.900+0000 INFO  [o.n.k.i.DiagnosticsManager]:   Neo4j - Cypher (neo4j-cypher), version: 2.0.1; revision: 2.0.1:master:878/8bb63c9c059d8a491b7909e08da86a820c28d3a5
2015-07-29 03:44:34.900+0000 INFO  [o.n.k.i.DiagnosticsManager]:   Neo4j - Graph Algorithms (neo4j-graph-algo), version: 2.0.1; revision: 2.0.1:master:878/8bb63c9c059d8a491b7909e08da86a820c28d3a5
2015-07-29 03:44:34.901+0000 INFO  [o.n.k.i.DiagnosticsManager]:   Neo4j - Communication Package (neo4j-com), version: 2.0.1; revision: 2.0.1:master:878/8bb63c9c059d8a491b7909e08da86a820c28d3a5
2015-07-29 03:44:34.901+0000 INFO  [o.n.k.i.DiagnosticsManager]: --- STARTED diagnostics for KernelDiagnostics:Versions END ---
2015-07-29 03:44:34.910+0000 INFO  [o.n.k.i.DiagnosticsManager]: --- STARTED diagnostics for NEO_STORE_VERSIONS START ---
2015-07-29 03:44:34.911+0000 INFO  [o.n.k.i.DiagnosticsManager]: Store versions:
2015-07-29 03:44:34.912+0000 INFO  [o.n.k.i.DiagnosticsManager]: Store versions:
2015-07-29 03:44:34.912+0000 INFO  [o.n.k.i.DiagnosticsManager]:   NeoStore v0.A.1
2015-07-29 03:44:34.912+0000 INFO  [o.n.k.i.DiagnosticsManager]:   SchemaStore v0.A.1
2015-07-29 03:44:34.913+0000 INFO  [o.n.k.i.DiagnosticsManager]:   NodeStore v0.A.1
2015-07-29 03:44:34.913+0000 INFO  [o.n.k.i.DiagnosticsManager]:   RelationshipStore v0.A.1
2015-07-29 03:44:34.913+0000 INFO  [o.n.k.i.DiagnosticsManager]:   RelationshipTypeStore v0.A.1
2015-07-29 03:44:34.913+0000 INFO  [o.n.k.i.DiagnosticsManager]:   LabelTokenStore v0.A.1
2015-07-29 03:44:34.913+0000 INFO  [o.n.k.i.DiagnosticsManager]:   PropertyStore v0.A.1
2015-07-29 03:44:34.914+0000 INFO  [o.n.k.i.DiagnosticsManager]:   PropertyIndexStore v0.A.1
2015-07-29 03:44:34.914+0000 INFO  [o.n.k.i.DiagnosticsManager]:   StringPropertyStore v0.A.1
2015-07-29 03:44:34.914+0000 INFO  [o.n.k.i.DiagnosticsManager]:   ArrayPropertyStore v0.A.1
2015-07-29 03:44:34.914+0000 INFO  [o.n.k.i.DiagnosticsManager]: --- STARTED diagnostics for NEO_STORE_VERSIONS END ---
2015-07-29 03:44:34.914+0000 INFO  [o.n.k.i.DiagnosticsManager]: --- STARTED diagnostics for NEO_STORE_ID_USAGE START ---
2015-07-29 03:44:34.915+0000 INFO  [o.n.k.i.DiagnosticsManager]: Id usage:
2015-07-29 03:44:34.915+0000 INFO  [o.n.k.i.DiagnosticsManager]: Id usage:
2015-07-29 03:44:34.916+0000 INFO  [o.n.k.i.DiagnosticsManager]:   SchemaStore: used=1 high=0
2015-07-29 03:44:34.916+0000 INFO  [o.n.k.i.DiagnosticsManager]:   NodeStore: used=0 high=-1
2015-07-29 03:44:34.917+0000 INFO  [o.n.k.i.DiagnosticsManager]:   RelationshipStore: used=0 high=-1
2015-07-29 03:44:34.917+0000 INFO  [o.n.k.i.DiagnosticsManager]:   RelationshipTypeStore: used=0 high=-1
2015-07-29 03:44:34.918+0000 INFO  [o.n.k.i.DiagnosticsManager]:   LabelTokenStore: used=0 high=-1
2015-07-29 03:44:34.918+0000 INFO  [o.n.k.i.DiagnosticsManager]:   PropertyStore: used=0 high=-1
2015-07-29 03:44:34.919+0000 INFO  [o.n.k.i.DiagnosticsManager]:   PropertyIndexStore: used=0 high=-1
2015-07-29 03:44:34.919+0000 INFO  [o.n.k.i.DiagnosticsManager]:   StringPropertyStore: used=1 high=0
2015-07-29 03:44:34.920+0000 INFO  [o.n.k.i.DiagnosticsManager]:   ArrayPropertyStore: used=1 high=0
2015-07-29 03:44:34.920+0000 INFO  [o.n.k.i.DiagnosticsManager]: --- STARTED diagnostics for NEO_STORE_ID_USAGE END ---
2015-07-29 03:44:34.920+0000 INFO  [o.n.k.i.DiagnosticsManager]: --- STARTED diagnostics for PERSISTENCE_WINDOW_POOL_STATS START ---
2015-07-29 03:44:34.921+0000 INFO  [o.n.k.i.DiagnosticsManager]: --- STARTED diagnostics for PERSISTENCE_WINDOW_POOL_STATS END ---
2015-07-29 03:44:34.921+0000 INFO  [o.n.k.i.DiagnosticsManager]: --- STARTED diagnostics for KernelDiagnostics:StoreFiles START ---
2015-07-29 03:44:34.922+0000 INFO  [o.n.k.i.DiagnosticsManager]: Disk space on partition (Total / Free / Free %): 499046809600 / 301436702720 / 60
Storage files: (filename : modification date - size)
2015-07-29 03:44:34.924+0000 INFO  [o.n.k.i.DiagnosticsManager]:   active_tx_log: 2015-07-28T23:44:34-0400 - 11.00 B
2015-07-29 03:44:34.924+0000 INFO  [o.n.k.i.DiagnosticsManager]:   index:
2015-07-29 03:44:34.926+0000 INFO  [o.n.k.i.DiagnosticsManager]:     lucene-store.db: 2015-07-28T23:44:34-0400 - 40.00 B
2015-07-29 03:44:34.927+0000 INFO  [o.n.k.i.DiagnosticsManager]:     lucene.log.1: 2015-07-28T23:44:34-0400 - 16.00 B
2015-07-29 03:44:34.928+0000 INFO  [o.n.k.i.DiagnosticsManager]:     lucene.log.active: 2015-07-28T23:44:34-0400 - 4.00 B
2015-07-29 03:44:34.929+0000 INFO  [o.n.k.i.DiagnosticsManager]:   - Total: 2015-07-28T23:44:34-0400 - 60.00 B
2015-07-29 03:44:34.930+0000 INFO  [o.n.k.i.DiagnosticsManager]:   lock: 2015-07-28T23:44:33-0400 - 0.00 B
2015-07-29 03:44:34.931+0000 INFO  [o.n.k.i.DiagnosticsManager]:   messages.log: 2015-07-28T23:44:34-0400 - 50.52 kB
2015-07-29 03:44:34.932+0000 INFO  [o.n.k.i.DiagnosticsManager]:   neostore: 2015-07-28T23:44:33-0400 - 63.00 B
2015-07-29 03:44:34.933+0000 INFO  [o.n.k.i.DiagnosticsManager]:   neostore.id: 2015-07-28T23:44:33-0400 - 9.00 B
2015-07-29 03:44:34.934+0000 INFO  [o.n.k.i.DiagnosticsManager]:   neostore.labeltokenstore.db: 2015-07-28T23:44:33-0400 - 0.00 B
2015-07-29 03:44:34.936+0000 INFO  [o.n.k.i.DiagnosticsManager]:   neostore.labeltokenstore.db.id: 2015-07-28T23:44:33-0400 - 9.00 B
2015-07-29 03:44:34.937+0000 INFO  [o.n.k.i.DiagnosticsManager]:   neostore.labeltokenstore.db.names: 2015-07-28T23:44:33-0400 - 38.00 B
2015-07-29 03:44:34.939+0000 INFO  [o.n.k.i.DiagnosticsManager]:   neostore.labeltokenstore.db.names.id: 2015-07-28T23:44:33-0400 - 9.00 B
2015-07-29 03:44:34.940+0000 INFO  [o.n.k.i.DiagnosticsManager]:   neostore.nodestore.db: 2015-07-28T23:44:33-0400 - 0.00 B
2015-07-29 03:44:34.942+0000 INFO  [o.n.k.i.DiagnosticsManager]:   neostore.nodestore.db.id: 2015-07-28T23:44:33-0400 - 9.00 B
2015-07-29 03:44:34.943+0000 INFO  [o.n.k.i.DiagnosticsManager]:   neostore.nodestore.db.labels: 2015-07-28T23:44:33-0400 - 68.00 B
2015-07-29 03:44:34.944+0000 INFO  [o.n.k.i.DiagnosticsManager]:   neostore.nodestore.db.labels.id: 2015-07-28T23:44:33-0400 - 9.00 B
2015-07-29 03:44:34.945+0000 INFO  [o.n.k.i.DiagnosticsManager]:   neostore.propertystore.db: 2015-07-28T23:44:33-0400 - 0.00 B
2015-07-29 03:44:34.946+0000 INFO  [o.n.k.i.DiagnosticsManager]:   neostore.propertystore.db.arrays: 2015-07-28T23:44:33-0400 - 128.00 B
2015-07-29 03:44:34.948+0000 INFO  [o.n.k.i.DiagnosticsManager]:   neostore.propertystore.db.arrays.id: 2015-07-28T23:44:33-0400 - 9.00 B
2015-07-29 03:44:34.949+0000 INFO  [o.n.k.i.DiagnosticsManager]:   neostore.propertystore.db.id: 2015-07-28T23:44:33-0400 - 9.00 B
2015-07-29 03:44:34.950+0000 INFO  [o.n.k.i.DiagnosticsManager]:   neostore.propertystore.db.index: 2015-07-28T23:44:33-0400 - 0.00 B
2015-07-29 03:44:34.951+0000 INFO  [o.n.k.i.DiagnosticsManager]:   neostore.propertystore.db.index.id: 2015-07-28T23:44:33-0400 - 9.00 B
2015-07-29 03:44:34.952+0000 INFO  [o.n.k.i.DiagnosticsManager]:   neostore.propertystore.db.index.keys: 2015-07-28T23:44:33-0400 - 38.00 B
2015-07-29 03:44:34.953+0000 INFO  [o.n.k.i.DiagnosticsManager]:   neostore.propertystore.db.index.keys.id: 2015-07-28T23:44:33-0400 - 9.00 B
2015-07-29 03:44:34.954+0000 INFO  [o.n.k.i.DiagnosticsManager]:   neostore.propertystore.db.strings: 2015-07-28T23:44:33-0400 - 128.00 B
2015-07-29 03:44:34.955+0000 INFO  [o.n.k.i.DiagnosticsManager]:   neostore.propertystore.db.strings.id: 2015-07-28T23:44:33-0400 - 9.00 B
2015-07-29 03:44:34.956+0000 INFO  [o.n.k.i.DiagnosticsManager]:   neostore.relationshipstore.db: 2015-07-28T23:44:33-0400 - 0.00 B
2015-07-29 03:44:34.957+0000 INFO  [o.n.k.i.DiagnosticsManager]:   neostore.relationshipstore.db.id: 2015-07-28T23:44:33-0400 - 9.00 B
2015-07-29 03:44:34.958+0000 INFO  [o.n.k.i.DiagnosticsManager]:   neostore.relationshiptypestore.db: 2015-07-28T23:44:33-0400 - 0.00 B
2015-07-29 03:44:34.959+0000 INFO  [o.n.k.i.DiagnosticsManager]:   neostore.relationshiptypestore.db.id: 2015-07-28T23:44:33-0400 - 9.00 B
2015-07-29 03:44:34.960+0000 INFO  [o.n.k.i.DiagnosticsManager]:   neostore.relationshiptypestore.db.names: 2015-07-28T23:44:33-0400 - 38.00 B
2015-07-29 03:44:34.961+0000 INFO  [o.n.k.i.DiagnosticsManager]:   neostore.relationshiptypestore.db.names.id: 2015-07-28T23:44:33-0400 - 9.00 B
2015-07-29 03:44:34.962+0000 INFO  [o.n.k.i.DiagnosticsManager]:   neostore.schemastore.db: 2015-07-28T23:44:33-0400 - 64.00 B
2015-07-29 03:44:34.963+0000 INFO  [o.n.k.i.DiagnosticsManager]:   neostore.schemastore.db.id: 2015-07-28T23:44:33-0400 - 9.00 B
2015-07-29 03:44:34.964+0000 INFO  [o.n.k.i.DiagnosticsManager]:   nioneo_logical.log.1: 2015-07-28T23:44:34-0400 - 16.00 B
2015-07-29 03:44:34.965+0000 INFO  [o.n.k.i.DiagnosticsManager]:   nioneo_logical.log.active: 2015-07-28T23:44:34-0400 - 4.00 B
2015-07-29 03:44:34.966+0000 INFO  [o.n.k.i.DiagnosticsManager]:   schema:
2015-07-29 03:44:34.966+0000 INFO  [o.n.k.i.DiagnosticsManager]:     label:
2015-07-29 03:44:34.966+0000 INFO  [o.n.k.i.DiagnosticsManager]:       lucene:
2015-07-29 03:44:34.967+0000 INFO  [o.n.k.i.DiagnosticsManager]:         write.lock: 2015-07-28T23:44:34-0400 - 0.00 B
2015-07-29 03:44:34.968+0000 INFO  [o.n.k.i.DiagnosticsManager]:       - Total: 2015-07-28T23:44:34-0400 - 0.00 B
2015-07-29 03:44:34.969+0000 INFO  [o.n.k.i.DiagnosticsManager]:     - Total: 2015-07-28T23:44:34-0400 - 0.00 B
2015-07-29 03:44:34.970+0000 INFO  [o.n.k.i.DiagnosticsManager]:   - Total: 2015-07-28T23:44:34-0400 - 0.00 B
2015-07-29 03:44:34.972+0000 INFO  [o.n.k.i.DiagnosticsManager]:   store_lock: 2015-07-28T23:44:33-0400 - 0.00 B
2015-07-29 03:44:34.973+0000 INFO  [o.n.k.i.DiagnosticsManager]:   tm_tx_log.1: 2015-07-28T23:44:34-0400 - 0.00 B
2015-07-29 03:44:34.973+0000 INFO  [o.n.k.i.DiagnosticsManager]: --- STARTED diagnostics for KernelDiagnostics:StoreFiles END ---
2015-07-29 03:44:35.081+0000 INFO  [o.n.k.EmbeddedGraphDatabase]: GC Monitor started. 
2015-07-29 03:44:35.083+0000 INFO  [o.n.k.EmbeddedGraphDatabase]: Database is now ready
2015-07-29 03:47:31.130+0000 WARN  [o.n.k.EmbeddedGraphDatabase]: GC Monitor: Application threads blocked for an additional 108ms [total block time: 0.108s]
